# JRE version: Java(TM) SE Runtime Environment (15.0.2+7) (build 15.0.2+7-27)
# Java VM: Java HotSpot(TM) 64-Bit Server VM (15.0.2+7-27, mixed mode, sharing, tiered, compressed oops, g1 gc, windows-amd64)
GC Precious Log:
 CPUs: 4 total, 4 available
 Memory: 8067M
 Large Page Support: Disabled
 NUMA Support: Disabled
 Compressed Oops: Enabled (32-bit)
 Heap Region Size: 1M
 Heap Min Capacity: 8M
 Heap Initial Capacity: 128M
 Heap Max Capacity: 2018M
 Pre-touch: Disabled
 Parallel Workers: 4
 Concurrent Workers: 1
 Concurrent Refinement Workers: 4
 Periodic GC: Disabled
Heap:
 garbage-first heap   total 516096K, used 8221K [0x0000000081e00000, 0x0000000100000000)
  region size 1024K, 1 young (1024K), 1 survivors (1024K)
 Metaspace       used 15230K, capacity 15457K, committed 15616K, reserved 1062912K
  class space    used 1407K, capacity 1495K, committed 1536K, reserved 1048576K
GC Heap History (20 events):
Event: 1641.417 GC heap after
{Heap after GC invocations=1783 (full 0):
 garbage-first heap   total 131072K, used 7696K [0x0000000081e00000, 0x0000000100000000)
  region size 1024K, 1 young (1024K), 1 survivors (1024K)
 Metaspace       used 15230K, capacity 15457K, committed 15616K, reserved 1062912K
  class space    used 1407K, capacity 1495K, committed 1536K, reserved 1048576K
}
Event: 1642.427 GC heap before
{Heap before GC invocations=1783 (full 0):
 garbage-first heap   total 131072K, used 83472K [0x0000000081e00000, 0x0000000100000000)
  region size 1024K, 76 young (77824K), 1 survivors (1024K)
 Metaspace       used 15230K, capacity 15457K, committed 15616K, reserved 1062912K
  class space    used 1407K, capacity 1495K, committed 1536K, reserved 1048576K
}
Event: 1643.179 GC heap after
{Heap after GC invocations=1784 (full 0):
 garbage-first heap   total 172032K, used 7901K [0x0000000081e00000, 0x0000000100000000)
  region size 1024K, 1 young (1024K), 1 survivors (1024K)
 Metaspace       used 15230K, capacity 15457K, committed 15616K, reserved 1062912K
  class space    used 1407K, capacity 1495K, committed 1536K, reserved 1048576K
}
Event: 1643.291 GC heap before
{Heap before GC invocations=1784 (full 0):
 garbage-first heap   total 172032K, used 14045K [0x0000000081e00000, 0x0000000100000000)
  region size 1024K, 8 young (8192K), 1 survivors (1024K)
 Metaspace       used 15230K, capacity 15457K, committed 15616K, reserved 1062912K
  class space    used 1407K, capacity 1495K, committed 1536K, reserved 1048576K
}
Event: 1643.467 GC heap after
{Heap after GC invocations=1785 (full 0):
 garbage-first heap   total 172032K, used 7934K [0x0000000081e00000, 0x0000000100000000)
  region size 1024K, 1 young (1024K), 1 survivors (1024K)
 Metaspace       used 15230K, capacity 15457K, committed 15616K, reserved 1062912K
  class space    used 1407K, capacity 1495K, committed 1536K, reserved 1048576K
}
Event: 1643.528 GC heap before
{Heap before GC invocations=1785 (full 0):
 garbage-first heap   total 172032K, used 14078K [0x0000000081e00000, 0x0000000100000000)
  region size 1024K, 8 young (8192K), 1 survivors (1024K)
 Metaspace       used 15230K, capacity 15457K, committed 15616K, reserved 1062912K
  class space    used 1407K, capacity 1495K, committed 1536K, reserved 1048576K
}
Event: 1643.529 GC heap after
{Heap after GC invocations=1786 (full 0):
 garbage-first heap   total 172032K, used 7871K [0x0000000081e00000, 0x0000000100000000)
  region size 1024K, 1 young (1024K), 1 survivors (1024K)
 Metaspace       used 15230K, capacity 15457K, committed 15616K, reserved 1062912K
  class space    used 1407K, capacity 1495K, committed 1536K, reserved 1048576K
}
Event: 1643.593 GC heap before
{Heap before GC invocations=1786 (full 0):
 garbage-first heap   total 172032K, used 14015K [0x0000000081e00000, 0x0000000100000000)
  region size 1024K, 8 young (8192K), 1 survivors (1024K)
 Metaspace       used 15230K, capacity 15457K, committed 15616K, reserved 1062912K
  class space    used 1407K, capacity 1495K, committed 1536K, reserved 1048576K
}
Event: 1643.594 GC heap after
{Heap after GC invocations=1787 (full 0):
 garbage-first heap   total 172032K, used 7863K [0x0000000081e00000, 0x0000000100000000)
  region size 1024K, 1 young (1024K), 1 survivors (1024K)
 Metaspace       used 15230K, capacity 15457K, committed 15616K, reserved 1062912K
  class space    used 1407K, capacity 1495K, committed 1536K, reserved 1048576K
}
Event: 1643.786 GC heap before
{Heap before GC invocations=1787 (full 0):
 garbage-first heap   total 172032K, used 34487K [0x0000000081e00000, 0x0000000100000000)
  region size 1024K, 28 young (28672K), 1 survivors (1024K)
 Metaspace       used 15230K, capacity 15457K, committed 15616K, reserved 1062912K
  class space    used 1407K, capacity 1495K, committed 1536K, reserved 1048576K
}
Event: 1643.787 GC heap after
{Heap after GC invocations=1788 (full 0):
 garbage-first heap   total 172032K, used 7922K [0x0000000081e00000, 0x0000000100000000)
  region size 1024K, 1 young (1024K), 1 survivors (1024K)
 Metaspace       used 15230K, capacity 15457K, committed 15616K, reserved 1062912K
  class space    used 1407K, capacity 1495K, committed 1536K, reserved 1048576K
}
Event: 1647.431 GC heap before
{Heap before GC invocations=1788 (full 0):
 garbage-first heap   total 172032K, used 108274K [0x0000000081e00000, 0x0000000100000000)
  region size 1024K, 100 young (102400K), 1 survivors (1024K)
 Metaspace       used 15230K, capacity 15457K, committed 15616K, reserved 1062912K
  class space    used 1407K, capacity 1495K, committed 1536K, reserved 1048576K
}
Event: 1647.875 GC heap after
{Heap after GC invocations=1789 (full 0):
 garbage-first heap   total 172032K, used 9294K [0x0000000081e00000, 0x0000000100000000)
  region size 1024K, 2 young (2048K), 2 survivors (2048K)
 Metaspace       used 15230K, capacity 15457K, committed 15616K, reserved 1062912K
  class space    used 1407K, capacity 1495K, committed 1536K, reserved 1048576K
}
Event: 1647.901 GC heap before
{Heap before GC invocations=1789 (full 0):
 garbage-first heap   total 172032K, used 14414K [0x0000000081e00000, 0x0000000100000000)
  region size 1024K, 8 young (8192K), 2 survivors (2048K)
 Metaspace       used 15230K, capacity 15457K, committed 15616K, reserved 1062912K
  class space    used 1407K, capacity 1495K, committed 1536K, reserved 1048576K
}
Event: 1647.904 GC heap after
{Heap after GC invocations=1790 (full 0):
 garbage-first heap   total 172032K, used 7815K [0x0000000081e00000, 0x0000000100000000)
  region size 1024K, 0 young (0K), 0 survivors (0K)
 Metaspace       used 15230K, capacity 15457K, committed 15616K, reserved 1062912K
  class space    used 1407K, capacity 1495K, committed 1536K, reserved 1048576K
}
Event: 1647.937 GC heap before
{Heap before GC invocations=1790 (full 0):
 garbage-first heap   total 172032K, used 14983K [0x0000000081e00000, 0x0000000100000000)
  region size 1024K, 8 young (8192K), 0 survivors (0K)
 Metaspace       used 15230K, capacity 15457K, committed 15616K, reserved 1062912K
  class space    used 1407K, capacity 1495K, committed 1536K, reserved 1048576K
}
Event: 1647.937 GC heap after
{Heap after GC invocations=1791 (full 0):
 garbage-first heap   total 172032K, used 7815K [0x0000000081e00000, 0x0000000100000000)
  region size 1024K, 0 young (0K), 0 survivors (0K)
 Metaspace       used 15230K, capacity 15457K, committed 15616K, reserved 1062912K
  class space    used 1407K, capacity 1495K, committed 1536K, reserved 1048576K
}
Event: 1648.450 GC heap before
{Heap before GC invocations=1791 (full 0):
 garbage-first heap   total 172032K, used 109191K [0x0000000081e00000, 0x0000000100000000)
  region size 1024K, 100 young (102400K), 0 survivors (0K)
 Metaspace       used 15230K, capacity 15457K, committed 15616K, reserved 1062912K
  class space    used 1407K, capacity 1495K, committed 1536K, reserved 1048576K
}
Event: 1648.524 GC heap after
{Heap after GC invocations=1792 (full 0):
 garbage-first heap   total 172032K, used 7921K [0x0000000081e00000, 0x0000000100000000)
  region size 1024K, 1 young (1024K), 1 survivors (1024K)
 Metaspace       used 15230K, capacity 15457K, committed 15616K, reserved 1062912K
  class space    used 1407K, capacity 1495K, committed 1536K, reserved 1048576K
}
Event: 1650.875 GC heap before
{Heap before GC invocations=1792 (full 0):
 garbage-first heap   total 172032K, used 108273K [0x0000000081e00000, 0x0000000100000000)
  region size 1024K, 100 young (102400K), 1 survivors (1024K)
 Metaspace       used 15230K, capacity 15457K, committed 15616K, reserved 1062912K
  class space    used 1407K, capacity 1495K, committed 1536K, reserved 1048576K
}

